[ 2025-07-27 15:34:52 ] -  [32minfo[39m  - REDIS_MANAGER | Attempting to connect Redis client...
[ 2025-07-27 15:34:52 ] -  [32minfo[39m  - REDIS_MANAGER | Redis client connected successfully to redis://localhost:6379!
[ 2025-07-27 15:34:52 ] -  [32minfo[39m  - SERVER | Redis client connected for server service.
[ 2025-07-27 15:34:52 ] -  [32minfo[39m  - SERVER | Listening on port 3000
[ 2025-07-27 15:34:54 ] -  [32minfo[39m  - Order successfully added to queue:  {"clientId":"5d4052b9-0b05-4b21-90cd-e5084151f179","message":{"type":"CREATE_ORDER","data":{"market":"cmdgc0i7m0000kc24v7ilvs8t","price":60,"quantity":10,"action":"buy","outcome":"yes","userId":"cmdfuql3a0000kcbsg7zsa3uw"}}}
[ 2025-07-27 15:34:54 ] -  [32minfo[39m  - POST - /api/v1/order/initiate - 201 - 6.388 ms
[ 2025-07-27 15:34:59 ] -  [32minfo[39m  - Order successfully added to queue:  {"clientId":"ccfc9f8e-12f0-4c45-8f86-6d1a97d1be4c","message":{"type":"CREATE_ORDER","data":{"market":"cmdgc0i7m0000kc24v7ilvs8t","price":61,"quantity":5,"action":"buy","outcome":"yes","userId":"cmdfuql3a0000kcbsg7zsa3uw"}}}
[ 2025-07-27 15:34:59 ] -  [32minfo[39m  - POST - /api/v1/order/initiate - 201 - 2.125 ms
[ 2025-07-27 15:35:05 ] -  [32minfo[39m  - Order successfully added to queue:  {"clientId":"d13be44d-8e72-43b0-9c09-1a33f1671fb4","message":{"type":"CREATE_ORDER","data":{"market":"cmdgc0i7m0000kc24v7ilvs8t","price":59,"quantity":5,"action":"sell","outcome":"yes","userId":"cmdfuql3a0000kcbsg7zsa3uw"}}}
[ 2025-07-27 15:35:05 ] -  [32minfo[39m  - POST - /api/v1/order/initiate - 201 - 2.740 ms
[ 2025-07-27 16:19:26 ] -  [32minfo[39m  - REDIS_MANAGER | Attempting to connect Redis client...
[ 2025-07-27 16:19:27 ] -  [32minfo[39m  - REDIS_MANAGER | Redis client connected successfully to redis://localhost:6379!
[ 2025-07-27 16:19:27 ] -  [32minfo[39m  - SERVER | Redis client connected for server service.
[ 2025-07-27 16:19:27 ] -  [32minfo[39m  - SERVER | Listening on port 3000
[ 2025-07-27 16:19:30 ] -  [32minfo[39m  - Order successfully added to queue:  {"clientId":"5b3298f9-a6d1-4eab-b7a7-434ef537122e","message":{"type":"CREATE_ORDER","data":{"market":"cmdgc0i7m0000kc24v7ilvs8t","price":60,"quantity":10,"action":"buy","outcome":"yes","userId":"cmdfuql3a0000kcbsg7zsa3uw"}}}
[ 2025-07-27 16:19:30 ] -  [32minfo[39m  - POST - /api/v1/order/initiate - 201 - 6.339 ms
[ 2025-07-27 16:19:36 ] -  [32minfo[39m  - Order successfully added to queue:  {"clientId":"a2f68e4d-e14c-4fd7-887d-356662bc4919","message":{"type":"CREATE_ORDER","data":{"market":"cmdgc0i7m0000kc24v7ilvs8t","price":61,"quantity":5,"action":"buy","outcome":"yes","userId":"cmdfuql3a0000kcbsg7zsa3uw"}}}
[ 2025-07-27 16:19:36 ] -  [32minfo[39m  - POST - /api/v1/order/initiate - 201 - 2.517 ms
[ 2025-07-27 16:19:41 ] -  [32minfo[39m  - Order successfully added to queue:  {"clientId":"4c3bdfe1-f846-477e-8612-ff51ad9622a0","message":{"type":"CREATE_ORDER","data":{"market":"cmdgc0i7m0000kc24v7ilvs8t","price":59,"quantity":5,"action":"sell","outcome":"yes","userId":"cmdfuql3a0000kcbsg7zsa3uw"}}}
[ 2025-07-27 16:19:41 ] -  [32minfo[39m  - POST - /api/v1/order/initiate - 201 - 3.109 ms
[ 2025-07-27 17:27:25 ] -  [32minfo[39m  - REDIS_MANAGER | Attempting to connect Redis client...
[ 2025-07-27 17:27:25 ] -  [32minfo[39m  - REDIS_MANAGER | Redis client connected successfully to redis://localhost:6379!
[ 2025-07-27 17:27:25 ] -  [32minfo[39m  - SERVER | Redis client connected for server service.
[ 2025-07-27 17:27:25 ] -  [32minfo[39m  - SERVER | Listening on port 3000
[ 2025-07-27 17:28:35 ] -  [32minfo[39m  - Order successfully added to queue:  {"clientId":"85c6d18a-0e8d-4629-b7c5-350a1ef1b5fc","message":{"type":"CREATE_ORDER","data":{"price":60,"quantity":10,"action":"buy","outcome":"yes","userId":"cmdfuql3a0000kcbsg7zsa3uw"}}}
[ 2025-07-27 17:28:35 ] -  [32minfo[39m  - POST - /api/v1/order/initiate - 201 - 6.395 ms
[ 2025-07-27 17:28:47 ] -  [32minfo[39m  - Order successfully added to queue:  {"clientId":"3ad629a0-ef4a-4060-817b-6942f8716e55","message":{"type":"CREATE_ORDER","data":{"price":40,"quantity":20,"action":"buy","outcome":"no","userId":"cmdfuql3a0000kcbsg7zsa3uw"}}}
[ 2025-07-27 17:28:47 ] -  [32minfo[39m  - POST - /api/v1/order/initiate - 201 - 3.158 ms
[ 2025-07-27 17:29:01 ] -  [32minfo[39m  - Order successfully added to queue:  {"clientId":"aa25db11-4cc6-423c-9ba9-4ff050fa678f","message":{"type":"CREATE_ORDER","data":{"price":60,"quantity":10,"action":"buy","outcome":"yes","userId":"cmdfuql3a0000kcbsg7zsa3uw"}}}
[ 2025-07-27 17:29:01 ] -  [32minfo[39m  - POST - /api/v1/order/initiate - 201 - 3.689 ms
[ 2025-07-27 17:31:42 ] -  [32minfo[39m  - Order successfully added to queue:  {"clientId":"823e61a6-ee30-4e73-b73e-63025555e72f","message":{"type":"CREATE_ORDER","data":{"price":60,"quantity":1,"action":"buy","outcome":"yes","userId":"cmdfuql3a0000kcbsg7zsa3uw"}}}
[ 2025-07-27 17:31:42 ] -  [32minfo[39m  - POST - /api/v1/order/initiate - 201 - 2.030 ms
[ 2025-07-27 17:33:42 ] -  [32minfo[39m  - REDIS_MANAGER | Attempting to connect Redis client...
[ 2025-07-27 17:33:42 ] -  [32minfo[39m  - REDIS_MANAGER | Redis client connected successfully to redis://localhost:6379!
[ 2025-07-27 17:33:42 ] -  [32minfo[39m  - SERVER | Redis client connected for server service.
[ 2025-07-27 17:33:42 ] -  [32minfo[39m  - SERVER | Listening on port 3000
[ 2025-07-27 17:44:01 ] -  [32minfo[39m  - REDIS_MANAGER | Attempting to connect Redis client...
[ 2025-07-27 17:44:01 ] -  [32minfo[39m  - REDIS_MANAGER | Redis client connected successfully to redis://localhost:6379!
[ 2025-07-27 17:44:01 ] -  [32minfo[39m  - SERVER | Redis client connected for server service.
[ 2025-07-27 17:44:01 ] -  [32minfo[39m  - SERVER | Listening on port 3000
[ 2025-07-27 17:44:05 ] -  [32minfo[39m  - Order successfully added to queue:  {"clientId":"a8cfd099-7b52-483e-ac46-0651b62ccf58","message":{"type":"CREATE_ORDER","data":{"market":"cmdgc0i7m0000kc24v7ilvs8t","price":61,"quantity":5,"action":"buy","outcome":"yes","userId":"cmdfuql3a0000kcbsg7zsa3uw"}}}
[ 2025-07-27 17:44:05 ] -  [32minfo[39m  - POST - /api/v1/order/initiate - 201 - 6.032 ms
[ 2025-07-27 17:44:16 ] -  [32minfo[39m  - Order successfully added to queue:  {"clientId":"2299bc8b-c494-42ee-bf67-a7f8d07b249a","message":{"type":"CREATE_ORDER","data":{"market":"cmdgc0i7m0000kc24v7ilvs8t","price":59,"quantity":5,"action":"sell","outcome":"yes","userId":"cmdfuql3a0000kcbsg7zsa3uw"}}}
[ 2025-07-27 17:44:16 ] -  [32minfo[39m  - POST - /api/v1/order/initiate - 201 - 2.365 ms
[ 2025-07-27 17:44:24 ] -  [32minfo[39m  - Order successfully added to queue:  {"clientId":"7b442d29-fd95-4430-a430-8aaa3cf2209c","message":{"type":"CREATE_ORDER","data":{"market":"cmdgc0i7m0000kc24v7ilvs8t","price":41,"quantity":5,"action":"buy","outcome":"no","userId":"cmdfuql3a0000kcbsg7zsa3uw"}}}
[ 2025-07-27 17:44:24 ] -  [32minfo[39m  - POST - /api/v1/order/initiate - 201 - 2.908 ms
[ 2025-07-27 17:44:31 ] -  [32minfo[39m  - Order successfully added to queue:  {"clientId":"e666e64c-ed4e-422c-bebe-fbb94560783e","message":{"type":"CREATE_ORDER","data":{"market":"cmdgc0i7m0000kc24v7ilvs8t","price":39,"quantity":5,"action":"sell","outcome":"no","userId":"cmdfuql3a0000kcbsg7zsa3uw"}}}
[ 2025-07-27 17:44:31 ] -  [32minfo[39m  - POST - /api/v1/order/initiate - 201 - 2.788 ms
[ 2025-07-27 17:44:39 ] -  [32minfo[39m  - Order successfully added to queue:  {"clientId":"bef5b65f-6885-4006-ac79-e3ac5896950f","message":{"type":"CREATE_ORDER","data":{"market":"cmdgc0i7m0000kc24v7ilvs8t","price":58,"quantity":10,"action":"buy","outcome":"yes","userId":"cmdfuql3a0000kcbsg7zsa3uw"}}}
[ 2025-07-27 17:44:39 ] -  [32minfo[39m  - POST - /api/v1/order/initiate - 201 - 2.666 ms
[ 2025-07-27 17:44:48 ] -  [32minfo[39m  - Order successfully added to queue:  {"clientId":"431838ed-0ca3-4097-a4d7-4d895d506c1b","message":{"type":"CREATE_ORDER","data":{"market":"cmdgc0i7m0000kc24v7ilvs8t","price":62,"quantity":10,"action":"sell","outcome":"yes","userId":"cmdfuql3a0000kcbsg7zsa3uw"}}}
[ 2025-07-27 17:44:48 ] -  [32minfo[39m  - POST - /api/v1/order/initiate - 201 - 1.982 ms
[ 2025-07-27 17:44:57 ] -  [32minfo[39m  - Order successfully added to queue:  {"clientId":"b4ed034a-77b7-46c4-ada1-b2fbb0caddfe","message":{"type":"CREATE_ORDER","data":{"market":"cmdgc0i7m0000kc24v7ilvs8t","price":65,"quantity":20,"action":"buy","outcome":"yes","userId":"cmdfuql3a0000kcbsg7zsa3uw"}}}
[ 2025-07-27 17:44:57 ] -  [32minfo[39m  - POST - /api/v1/order/initiate - 201 - 2.149 ms
[ 2025-07-27 17:45:05 ] -  [32minfo[39m  - Order successfully added to queue:  {"clientId":"b8c820d4-2687-444c-8ba7-a5c68a0280a6","message":{"type":"CREATE_ORDER","data":{"market":"cmdgc0i7m0000kc24v7ilvs8t","price":35,"quantity":20,"action":"sell","outcome":"no","userId":"cmdfuql3a0000kcbsg7zsa3uw"}}}
[ 2025-07-27 17:45:05 ] -  [32minfo[39m  - POST - /api/v1/order/initiate - 201 - 1.910 ms
[ 2025-07-27 18:32:07 ] -  [32minfo[39m  - REDIS_MANAGER | Attempting to connect Redis client...
[ 2025-07-27 18:32:07 ] -  [32minfo[39m  - REDIS_MANAGER | Redis client connected successfully to redis://localhost:6379!
[ 2025-07-27 18:32:07 ] -  [32minfo[39m  - SERVER | Redis client connected for server service.
[ 2025-07-27 18:32:07 ] -  [32minfo[39m  - SERVER | Listening on port 3000
